# JRE version: Java(TM) SE Runtime Environment (8.0_201-b09) (build 1.8.0_201-b09)
# Java VM: Java HotSpot(TM) 64-Bit Server VM (25.201-b09 mixed mode linux-amd64 compressed oops)
Heap:
 PSYoungGen      total 74240K, used 17612K [0x000000076de00000, 0x0000000773080000, 0x00000007c0000000)
  eden space 64000K, 12% used [0x000000076de00000,0x000000076e5cb350,0x0000000771c80000)
  from space 10240K, 94% used [0x0000000772680000,0x0000000772fe8028,0x0000000773080000)
  to   space 10240K, 0% used [0x0000000771c80000,0x0000000771c80000,0x0000000772680000)
 ParOldGen       total 72192K, used 8099K [0x00000006c9a00000, 0x00000006ce080000, 0x000000076de00000)
  object space 72192K, 11% used [0x00000006c9a00000,0x00000006ca1e8ed8,0x00000006ce080000)
 Metaspace       used 25440K, capacity 27214K, committed 27392K, reserved 1073152K
  class space    used 3645K, capacity 3972K, committed 4096K, reserved 1048576K
GC Heap History (6 events):
Event: 5,977 GC heap before
{Heap before GC invocations=1 (full 0):
 PSYoungGen      total 74240K, used 55566K [0x000000076de00000, 0x0000000773080000, 0x00000007c0000000)
  eden space 64000K, 86% used [0x000000076de00000,0x0000000771443b88,0x0000000771c80000)
  from space 10240K, 0% used [0x0000000772680000,0x0000000772680000,0x0000000773080000)
  to   space 10240K, 0% used [0x0000000771c80000,0x0000000771c80000,0x0000000772680000)
 ParOldGen       total 169472K, used 0K [0x00000006c9a00000, 0x00000006d3f80000, 0x000000076de00000)
  object space 169472K, 0% used [0x00000006c9a00000,0x00000006c9a00000,0x00000006d3f80000)
 Metaspace       used 20034K, capacity 21170K, committed 21296K, reserved 1067008K
  class space    used 2974K, capacity 3180K, committed 3200K, reserved 1048576K
Event: 5,986 GC heap after
Heap after GC invocations=1 (full 0):
 PSYoungGen      total 74240K, used 8206K [0x000000076de00000, 0x0000000773080000, 0x00000007c0000000)
  eden space 64000K, 0% used [0x000000076de00000,0x000000076de00000,0x0000000771c80000)
  from space 10240K, 80% used [0x0000000771c80000,0x0000000772483950,0x0000000772680000)
  to   space 10240K, 0% used [0x0000000772680000,0x0000000772680000,0x0000000773080000)
 ParOldGen       total 169472K, used 88K [0x00000006c9a00000, 0x00000006d3f80000, 0x000000076de00000)
  object space 169472K, 0% used [0x00000006c9a00000,0x00000006c9a16010,0x00000006d3f80000)
 Metaspace       used 20034K, capacity 21170K, committed 21296K, reserved 1067008K
  class space    used 2974K, capacity 3180K, committed 3200K, reserved 1048576K
}
Event: 5,986 GC heap before
{Heap before GC invocations=2 (full 1):
 PSYoungGen      total 74240K, used 8206K [0x000000076de00000, 0x0000000773080000, 0x00000007c0000000)
  eden space 64000K, 0% used [0x000000076de00000,0x000000076de00000,0x0000000771c80000)
  from space 10240K, 80% used [0x0000000771c80000,0x0000000772483950,0x0000000772680000)
  to   space 10240K, 0% used [0x0000000772680000,0x0000000772680000,0x0000000773080000)
 ParOldGen       total 169472K, used 88K [0x00000006c9a00000, 0x00000006d3f80000, 0x000000076de00000)
  object space 169472K, 0% used [0x00000006c9a00000,0x00000006c9a16010,0x00000006d3f80000)
 Metaspace       used 20034K, capacity 21170K, committed 21296K, reserved 1067008K
  class space    used 2974K, capacity 3180K, committed 3200K, reserved 1048576K
Event: 6,020 GC heap after
Heap after GC invocations=2 (full 1):
 PSYoungGen      total 74240K, used 0K [0x000000076de00000, 0x0000000773080000, 0x00000007c0000000)
  eden space 64000K, 0% used [0x000000076de00000,0x000000076de00000,0x0000000771c80000)
  from space 10240K, 0% used [0x0000000771c80000,0x0000000771c80000,0x0000000772680000)
  to   space 10240K, 0% used [0x0000000772680000,0x0000000772680000,0x0000000773080000)
 ParOldGen       total 72192K, used 8091K [0x00000006c9a00000, 0x00000006ce080000, 0x000000076de00000)
  object space 72192K, 11% used [0x00000006c9a00000,0x00000006ca1e6ed8,0x00000006ce080000)
 Metaspace       used 20034K, capacity 21170K, committed 21296K, reserved 1067008K
  class space    used 2974K, capacity 3180K, committed 3200K, reserved 1048576K
}
Event: 135,042 GC heap before
{Heap before GC invocations=3 (full 1):
 PSYoungGen      total 74240K, used 64000K [0x000000076de00000, 0x0000000773080000, 0x00000007c0000000)
  eden space 64000K, 100% used [0x000000076de00000,0x0000000771c80000,0x0000000771c80000)
  from space 10240K, 0% used [0x0000000771c80000,0x0000000771c80000,0x0000000772680000)
  to   space 10240K, 0% used [0x0000000772680000,0x0000000772680000,0x0000000773080000)
 ParOldGen       total 72192K, used 8091K [0x00000006c9a00000, 0x00000006ce080000, 0x000000076de00000)
  object space 72192K, 11% used [0x00000006c9a00000,0x00000006ca1e6ed8,0x00000006ce080000)
 Metaspace       used 25378K, capacity 27182K, committed 27264K, reserved 1073152K
  class space    used 3636K, capacity 3940K, committed 3968K, reserved 1048576K
Event: 135,052 GC heap after
Heap after GC invocations=3 (full 1):
 PSYoungGen      total 74240K, used 9632K [0x000000076de00000, 0x0000000773080000, 0x00000007c0000000)
  eden space 64000K, 0% used [0x000000076de00000,0x000000076de00000,0x0000000771c80000)
  from space 10240K, 94% used [0x0000000772680000,0x0000000772fe8028,0x0000000773080000)
  to   space 10240K, 0% used [0x0000000771c80000,0x0000000771c80000,0x0000000772680000)
 ParOldGen       total 72192K, used 8099K [0x00000006c9a00000, 0x00000006ce080000, 0x000000076de00000)
  object space 72192K, 11% used [0x00000006c9a00000,0x00000006ca1e8ed8,0x00000006ce080000)
 Metaspace       used 25378K, capacity 27182K, committed 27264K, reserved 1073152K
  class space    used 3636K, capacity 3940K, committed 3968K, reserved 1048576K
}

